<?xml version="1.0" encoding="UTF-8"?>
<!-- Generated by org.testng.reporters.JUnitReportReporter -->
<testsuite skipped="2" hostname="DESKTOP-JC2HQ9T" name="com.jbk.Testcase2" tests="2" failures="0" timestamp="04 Mar 2020 14:28:19 GMT" time="0.000" errors="0">
  <testcase name="checkTitle" time="0.000" classname="com.jbk.Testcase2">
    <skipped/>
  </testcase> <!-- checkTitle -->
  <testcase name="checkUsersTitle" time="0.000" classname="com.jbk.Testcase2">
    <skipped/>
  </testcase> <!-- checkUsersTitle -->
</testsuite> <!-- com.jbk.Testcase2 -->
