<?xml version="1.0" encoding="UTF-8"?>
<!-- Generated by org.testng.reporters.JUnitReportReporter -->
<testsuite skipped="0" hostname="DESKTOP-JC2HQ9T" name="com.test.LoginTest" tests="1" failures="0" timestamp="06 Mar 2020 11:52:34 GMT" time="65.288" errors="0">
  <testcase name="checkErrorMessage1" time="65.288" classname="com.test.LoginTest"/>
</testsuite> <!-- com.test.LoginTest -->
